# JRE version: OpenJDK Runtime Environment (17.0.6) (build 17.0.6+0-b2043.56-10027231)
# Java VM: OpenJDK 64-Bit Server VM (17.0.6+0-b2043.56-10027231, mixed mode, tiered, compressed oops, compressed class ptrs, g1 gc, windows-amd64)
GC Precious Log:
 CPUs: 8 total, 8 available
 Memory: 16106M
 Large Page Support: Disabled
 NUMA Support: Disabled
 Compressed Oops: Enabled (32-bit)
 Heap Region Size: 1M
 Heap Min Capacity: 8M
 Heap Initial Capacity: 252M
 Heap Max Capacity: 2G
 Pre-touch: Disabled
 Parallel Workers: 8
 Concurrent Workers: 2
 Concurrent Refinement Workers: 8
 Periodic GC: Disabled
Heap:
 garbage-first heap   total 239616K, used 181780K [0x0000000080000000, 0x0000000100000000)
  region size 1024K, 98 young (100352K), 2 survivors (2048K)
 Metaspace       used 100918K, committed 101632K, reserved 1138688K
  class space    used 13724K, committed 14080K, reserved 1048576K
GC Heap History (20 events):
Event: 7.224 GC heap before
{Heap before GC invocations=23 (full 0):
 garbage-first heap   total 110592K, used 87602K [0x0000000080000000, 0x0000000100000000)
  region size 1024K, 32 young (32768K), 3 survivors (3072K)
 Metaspace       used 77861K, committed 78464K, reserved 1122304K
  class space    used 10576K, committed 10880K, reserved 1048576K
}
Event: 7.227 GC heap after
{Heap after GC invocations=24 (full 0):
 garbage-first heap   total 110592K, used 57765K [0x0000000080000000, 0x0000000100000000)
  region size 1024K, 3 young (3072K), 3 survivors (3072K)
 Metaspace       used 77861K, committed 78464K, reserved 1122304K
  class space    used 10576K, committed 10880K, reserved 1048576K
}
Event: 7.249 GC heap before
{Heap before GC invocations=24 (full 0):
 garbage-first heap   total 110592K, used 59813K [0x0000000080000000, 0x0000000100000000)
  region size 1024K, 5 young (5120K), 3 survivors (3072K)
 Metaspace       used 78038K, committed 78592K, reserved 1122304K
  class space    used 10599K, committed 10880K, reserved 1048576K
}
Event: 7.251 GC heap after
{Heap after GC invocations=25 (full 0):
 garbage-first heap   total 110592K, used 58019K [0x0000000080000000, 0x0000000100000000)
  region size 1024K, 1 young (1024K), 1 survivors (1024K)
 Metaspace       used 78038K, committed 78592K, reserved 1122304K
  class space    used 10599K, committed 10880K, reserved 1048576K
}
Event: 7.691 GC heap before
{Heap before GC invocations=25 (full 0):
 garbage-first heap   total 110592K, used 88739K [0x0000000080000000, 0x0000000100000000)
  region size 1024K, 31 young (31744K), 1 survivors (1024K)
 Metaspace       used 81210K, committed 81728K, reserved 1122304K
  class space    used 11055K, committed 11328K, reserved 1048576K
}
Event: 7.695 GC heap after
{Heap after GC invocations=26 (full 0):
 garbage-first heap   total 110592K, used 60280K [0x0000000080000000, 0x0000000100000000)
  region size 1024K, 3 young (3072K), 3 survivors (3072K)
 Metaspace       used 81210K, committed 81728K, reserved 1122304K
  class space    used 11055K, committed 11328K, reserved 1048576K
}
Event: 8.023 GC heap before
{Heap before GC invocations=27 (full 0):
 garbage-first heap   total 110592K, used 89976K [0x0000000080000000, 0x0000000100000000)
  region size 1024K, 32 young (32768K), 3 survivors (3072K)
 Metaspace       used 84440K, committed 84992K, reserved 1122304K
  class space    used 11576K, committed 11840K, reserved 1048576K
}
Event: 8.027 GC heap after
{Heap after GC invocations=28 (full 0):
 garbage-first heap   total 110592K, used 62259K [0x0000000080000000, 0x0000000100000000)
  region size 1024K, 2 young (2048K), 2 survivors (2048K)
 Metaspace       used 84440K, committed 84992K, reserved 1122304K
  class space    used 11576K, committed 11840K, reserved 1048576K
}
Event: 8.354 GC heap before
{Heap before GC invocations=28 (full 0):
 garbage-first heap   total 110592K, used 90931K [0x0000000080000000, 0x0000000100000000)
  region size 1024K, 30 young (30720K), 2 survivors (2048K)
 Metaspace       used 87479K, committed 88128K, reserved 1130496K
  class space    used 11971K, committed 12288K, reserved 1048576K
}
Event: 8.358 GC heap after
{Heap after GC invocations=29 (full 0):
 garbage-first heap   total 110592K, used 64917K [0x0000000080000000, 0x0000000100000000)
  region size 1024K, 4 young (4096K), 4 survivors (4096K)
 Metaspace       used 87479K, committed 88128K, reserved 1130496K
  class space    used 11971K, committed 12288K, reserved 1048576K
}
Event: 8.578 GC heap before
{Heap before GC invocations=30 (full 0):
 garbage-first heap   total 117760K, used 91541K [0x0000000080000000, 0x0000000100000000)
  region size 1024K, 30 young (30720K), 4 survivors (4096K)
 Metaspace       used 87890K, committed 88512K, reserved 1130496K
  class space    used 12007K, committed 12352K, reserved 1048576K
}
Event: 8.584 GC heap after
{Heap after GC invocations=31 (full 0):
 garbage-first heap   total 117760K, used 69048K [0x0000000080000000, 0x0000000100000000)
  region size 1024K, 4 young (4096K), 4 survivors (4096K)
 Metaspace       used 87890K, committed 88512K, reserved 1130496K
  class space    used 12007K, committed 12352K, reserved 1048576K
}
Event: 8.590 GC heap before
{Heap before GC invocations=31 (full 0):
 garbage-first heap   total 117760K, used 70072K [0x0000000080000000, 0x0000000100000000)
  region size 1024K, 5 young (5120K), 4 survivors (4096K)
 Metaspace       used 87891K, committed 88512K, reserved 1130496K
  class space    used 12007K, committed 12352K, reserved 1048576K
}
Event: 8.594 GC heap after
{Heap after GC invocations=32 (full 0):
 garbage-first heap   total 117760K, used 69541K [0x0000000080000000, 0x0000000100000000)
  region size 1024K, 1 young (1024K), 1 survivors (1024K)
 Metaspace       used 87891K, committed 88512K, reserved 1130496K
  class space    used 12007K, committed 12352K, reserved 1048576K
}
Event: 8.922 GC heap before
{Heap before GC invocations=32 (full 0):
 garbage-first heap   total 117760K, used 95141K [0x0000000080000000, 0x0000000100000000)
  region size 1024K, 26 young (26624K), 1 survivors (1024K)
 Metaspace       used 89236K, committed 89856K, reserved 1130496K
  class space    used 12255K, committed 12544K, reserved 1048576K
}
Event: 8.927 GC heap after
{Heap after GC invocations=33 (full 0):
 garbage-first heap   total 239616K, used 72300K [0x0000000080000000, 0x0000000100000000)
  region size 1024K, 4 young (4096K), 4 survivors (4096K)
 Metaspace       used 89236K, committed 89856K, reserved 1130496K
  class space    used 12255K, committed 12544K, reserved 1048576K
}
Event: 9.766 GC heap before
{Heap before GC invocations=34 (full 0):
 garbage-first heap   total 239616K, used 178796K [0x0000000080000000, 0x0000000100000000)
  region size 1024K, 108 young (110592K), 4 survivors (4096K)
 Metaspace       used 90986K, committed 91584K, reserved 1130496K
  class space    used 12499K, committed 12800K, reserved 1048576K
}
Event: 9.775 GC heap after
{Heap after GC invocations=35 (full 0):
 garbage-first heap   total 239616K, used 81401K [0x0000000080000000, 0x0000000100000000)
  region size 1024K, 13 young (13312K), 13 survivors (13312K)
 Metaspace       used 90986K, committed 91584K, reserved 1130496K
  class space    used 12499K, committed 12800K, reserved 1048576K
}
Event: 9.778 GC heap before
{Heap before GC invocations=35 (full 0):
 garbage-first heap   total 239616K, used 82425K [0x0000000080000000, 0x0000000100000000)
  region size 1024K, 14 young (14336K), 13 survivors (13312K)
 Metaspace       used 90988K, committed 91584K, reserved 1130496K
  class space    used 12499K, committed 12800K, reserved 1048576K
}
Event: 9.784 GC heap after
{Heap after GC invocations=36 (full 0):
 garbage-first heap   total 239616K, used 82452K [0x0000000080000000, 0x0000000100000000)
  region size 1024K, 2 young (2048K), 2 survivors (2048K)
 Metaspace       used 90988K, committed 91584K, reserved 1130496K
  class space    used 12499K, committed 12800K, reserved 1048576K
}

