# JRE version: OpenJDK Runtime Environment (17.0.6) (build 17.0.6+0-b2043.56-10027231)
# Java VM: OpenJDK 64-Bit Server VM (17.0.6+0-b2043.56-10027231, mixed mode, tiered, compressed oops, compressed class ptrs, g1 gc, windows-amd64)
GC Precious Log:
 CPUs: 8 total, 8 available
 Memory: 16106M
 Large Page Support: Disabled
 NUMA Support: Disabled
 Compressed Oops: Enabled (32-bit)
 Heap Region Size: 1M
 Heap Min Capacity: 8M
 Heap Initial Capacity: 252M
 Heap Max Capacity: 2G
 Pre-touch: Disabled
 Parallel Workers: 8
 Concurrent Workers: 2
 Concurrent Refinement Workers: 8
 Periodic GC: Disabled
Heap:
 garbage-first heap   total 309248K, used 184904K [0x0000000080000000, 0x0000000100000000)
  region size 1024K, 87 young (89088K), 10 survivors (10240K)
 Metaspace       used 121390K, committed 122432K, reserved 1155072K
  class space    used 16608K, committed 17088K, reserved 1048576K
GC Heap History (20 events):
Event: 9.590 GC heap before
{Heap before GC invocations=28 (full 0):
 garbage-first heap   total 154624K, used 120533K [0x0000000080000000, 0x0000000100000000)
  region size 1024K, 68 young (69632K), 8 survivors (8192K)
 Metaspace       used 85799K, committed 86400K, reserved 1130496K
  class space    used 11736K, committed 12032K, reserved 1048576K
}
Event: 9.596 GC heap after
{Heap after GC invocations=29 (full 0):
 garbage-first heap   total 154624K, used 63482K [0x0000000080000000, 0x0000000100000000)
  region size 1024K, 9 young (9216K), 9 survivors (9216K)
 Metaspace       used 85799K, committed 86400K, reserved 1130496K
  class space    used 11736K, committed 12032K, reserved 1048576K
}
Event: 10.283 GC heap before
{Heap before GC invocations=29 (full 0):
 garbage-first heap   total 154624K, used 123898K [0x0000000080000000, 0x0000000100000000)
  region size 1024K, 68 young (69632K), 9 survivors (9216K)
 Metaspace       used 87950K, committed 88576K, reserved 1130496K
  class space    used 12011K, committed 12352K, reserved 1048576K
}
Event: 10.292 GC heap after
{Heap after GC invocations=30 (full 0):
 garbage-first heap   total 154624K, used 71447K [0x0000000080000000, 0x0000000100000000)
  region size 1024K, 9 young (9216K), 9 survivors (9216K)
 Metaspace       used 87950K, committed 88576K, reserved 1130496K
  class space    used 12011K, committed 12352K, reserved 1048576K
}
Event: 11.018 GC heap before
{Heap before GC invocations=30 (full 0):
 garbage-first heap   total 154624K, used 123671K [0x0000000080000000, 0x0000000100000000)
  region size 1024K, 61 young (62464K), 9 survivors (9216K)
 Metaspace       used 89914K, committed 90624K, reserved 1130496K
  class space    used 12407K, committed 12736K, reserved 1048576K
}
Event: 11.030 GC heap after
{Heap after GC invocations=31 (full 0):
 garbage-first heap   total 154624K, used 78618K [0x0000000080000000, 0x0000000100000000)
  region size 1024K, 7 young (7168K), 7 survivors (7168K)
 Metaspace       used 89914K, committed 90624K, reserved 1130496K
  class space    used 12407K, committed 12736K, reserved 1048576K
}
Event: 11.726 GC heap before
{Heap before GC invocations=31 (full 0):
 garbage-first heap   total 154624K, used 123674K [0x0000000080000000, 0x0000000100000000)
  region size 1024K, 52 young (53248K), 7 survivors (7168K)
 Metaspace       used 90637K, committed 91264K, reserved 1130496K
  class space    used 12473K, committed 12800K, reserved 1048576K
}
Event: 11.733 GC heap after
{Heap after GC invocations=32 (full 0):
 garbage-first heap   total 154624K, used 82751K [0x0000000080000000, 0x0000000100000000)
  region size 1024K, 5 young (5120K), 5 survivors (5120K)
 Metaspace       used 90637K, committed 91264K, reserved 1130496K
  class space    used 12473K, committed 12800K, reserved 1048576K
}
Event: 12.182 GC heap before
{Heap before GC invocations=33 (full 0):
 garbage-first heap   total 154624K, used 125759K [0x0000000080000000, 0x0000000100000000)
  region size 1024K, 47 young (48128K), 5 survivors (5120K)
 Metaspace       used 92186K, committed 92800K, reserved 1130496K
  class space    used 12610K, committed 12928K, reserved 1048576K
}
Event: 12.190 GC heap after
{Heap after GC invocations=34 (full 0):
 garbage-first heap   total 154624K, used 87318K [0x0000000080000000, 0x0000000100000000)
  region size 1024K, 6 young (6144K), 6 survivors (6144K)
 Metaspace       used 92186K, committed 92800K, reserved 1130496K
  class space    used 12610K, committed 12928K, reserved 1048576K
}
Event: 12.204 GC heap before
{Heap before GC invocations=34 (full 0):
 garbage-first heap   total 154624K, used 88342K [0x0000000080000000, 0x0000000100000000)
  region size 1024K, 7 young (7168K), 6 survivors (6144K)
 Metaspace       used 92188K, committed 92864K, reserved 1130496K
  class space    used 12610K, committed 12928K, reserved 1048576K
}
Event: 12.212 GC heap after
{Heap after GC invocations=35 (full 0):
 garbage-first heap   total 154624K, used 86571K [0x0000000080000000, 0x0000000100000000)
  region size 1024K, 1 young (1024K), 1 survivors (1024K)
 Metaspace       used 92188K, committed 92864K, reserved 1130496K
  class space    used 12610K, committed 12928K, reserved 1048576K
}
Event: 12.962 GC heap before
{Heap before GC invocations=35 (full 0):
 garbage-first heap   total 154624K, used 122411K [0x0000000080000000, 0x0000000100000000)
  region size 1024K, 38 young (38912K), 1 survivors (1024K)
 Metaspace       used 99119K, committed 99776K, reserved 1138688K
  class space    used 13503K, committed 13824K, reserved 1048576K
}
Event: 12.967 GC heap after
{Heap after GC invocations=36 (full 0):
 garbage-first heap   total 309248K, used 89681K [0x0000000080000000, 0x0000000100000000)
  region size 1024K, 4 young (4096K), 4 survivors (4096K)
 Metaspace       used 99119K, committed 99776K, reserved 1138688K
  class space    used 13503K, committed 13824K, reserved 1048576K
}
Event: 15.822 GC heap before
{Heap before GC invocations=36 (full 0):
 garbage-first heap   total 309248K, used 239185K [0x0000000080000000, 0x0000000100000000)
  region size 1024K, 149 young (152576K), 4 survivors (4096K)
 Metaspace       used 114620K, committed 115392K, reserved 1155072K
  class space    used 15769K, committed 16128K, reserved 1048576K
}
Event: 15.836 GC heap after
{Heap after GC invocations=37 (full 0):
 garbage-first heap   total 309248K, used 97630K [0x0000000080000000, 0x0000000100000000)
  region size 1024K, 10 young (10240K), 10 survivors (10240K)
 Metaspace       used 114620K, committed 115392K, reserved 1155072K
  class space    used 15769K, committed 16128K, reserved 1048576K
}
Event: 111.893 GC heap before
{Heap before GC invocations=37 (full 0):
 garbage-first heap   total 309248K, used 253278K [0x0000000080000000, 0x0000000100000000)
  region size 1024K, 152 young (155648K), 10 survivors (10240K)
 Metaspace       used 120056K, committed 120960K, reserved 1155072K
  class space    used 16537K, committed 16960K, reserved 1048576K
}
Event: 111.904 GC heap after
{Heap after GC invocations=38 (full 0):
 garbage-first heap   total 309248K, used 100601K [0x0000000080000000, 0x0000000100000000)
  region size 1024K, 15 young (15360K), 15 survivors (15360K)
 Metaspace       used 120056K, committed 120960K, reserved 1155072K
  class space    used 16537K, committed 16960K, reserved 1048576K
}
Event: 157.000 GC heap before
{Heap before GC invocations=38 (full 0):
 garbage-first heap   total 309248K, used 259321K [0x0000000080000000, 0x0000000100000000)
  region size 1024K, 158 young (161792K), 15 survivors (15360K)
 Metaspace       used 120927K, committed 121856K, reserved 1155072K
  class space    used 16579K, committed 17024K, reserved 1048576K
}
Event: 157.009 GC heap after
{Heap after GC invocations=39 (full 0):
 garbage-first heap   total 309248K, used 106056K [0x0000000080000000, 0x0000000100000000)
  region size 1024K, 10 young (10240K), 10 survivors (10240K)
 Metaspace       used 120927K, committed 121856K, reserved 1155072K
  class space    used 16579K, committed 17024K, reserved 1048576K
}

