# JRE version: OpenJDK Runtime Environment (17.0.6) (build 17.0.6+0-b2043.56-10027231)
# Java VM: OpenJDK 64-Bit Server VM (17.0.6+0-b2043.56-10027231, mixed mode, tiered, compressed oops, compressed class ptrs, g1 gc, windows-amd64)
GC Precious Log:
 CPUs: 8 total, 8 available
 Memory: 16106M
 Large Page Support: Disabled
 NUMA Support: Disabled
 Compressed Oops: Enabled (32-bit)
 Heap Region Size: 1M
 Heap Min Capacity: 8M
 Heap Initial Capacity: 252M
 Heap Max Capacity: 2G
 Pre-touch: Disabled
 Parallel Workers: 8
 Concurrent Workers: 2
 Concurrent Refinement Workers: 8
 Periodic GC: Disabled
Heap:
 garbage-first heap   total 86016K, used 46493K [0x0000000080000000, 0x0000000100000000)
  region size 1024K, 7 young (7168K), 3 survivors (3072K)
 Metaspace       used 53635K, committed 54208K, reserved 1097728K
  class space    used 7179K, committed 7424K, reserved 1048576K
GC Heap History (20 events):
Event: 3.855 GC heap before
{Heap before GC invocations=6 (full 0):
 garbage-first heap   total 71680K, used 48556K [0x0000000080000000, 0x0000000100000000)
  region size 1024K, 32 young (32768K), 4 survivors (4096K)
 Metaspace       used 35604K, committed 35968K, reserved 1081344K
  class space    used 4878K, committed 5056K, reserved 1048576K
}
Event: 3.859 GC heap after
{Heap after GC invocations=7 (full 0):
 garbage-first heap   total 71680K, used 24262K [0x0000000080000000, 0x0000000100000000)
  region size 1024K, 4 young (4096K), 4 survivors (4096K)
 Metaspace       used 35604K, committed 35968K, reserved 1081344K
  class space    used 4878K, committed 5056K, reserved 1048576K
}
Event: 4.322 GC heap before
{Heap before GC invocations=8 (full 0):
 garbage-first heap   total 71680K, used 51910K [0x0000000080000000, 0x0000000100000000)
  region size 1024K, 32 young (32768K), 4 survivors (4096K)
 Metaspace       used 40429K, committed 40768K, reserved 1089536K
  class space    used 5361K, committed 5504K, reserved 1048576K
}
Event: 4.326 GC heap after
{Heap after GC invocations=9 (full 0):
 garbage-first heap   total 71680K, used 28523K [0x0000000080000000, 0x0000000100000000)
  region size 1024K, 4 young (4096K), 4 survivors (4096K)
 Metaspace       used 40429K, committed 40768K, reserved 1089536K
  class space    used 5361K, committed 5504K, reserved 1048576K
}
Event: 4.551 GC heap before
{Heap before GC invocations=9 (full 0):
 garbage-first heap   total 71680K, used 56171K [0x0000000080000000, 0x0000000100000000)
  region size 1024K, 28 young (28672K), 4 survivors (4096K)
 Metaspace       used 43178K, committed 43584K, reserved 1089536K
  class space    used 5671K, committed 5888K, reserved 1048576K
}
Event: 4.555 GC heap after
{Heap after GC invocations=10 (full 0):
 garbage-first heap   total 71680K, used 29325K [0x0000000080000000, 0x0000000100000000)
  region size 1024K, 2 young (2048K), 2 survivors (2048K)
 Metaspace       used 43178K, committed 43584K, reserved 1089536K
  class space    used 5671K, committed 5888K, reserved 1048576K
}
Event: 4.843 GC heap before
{Heap before GC invocations=10 (full 0):
 garbage-first heap   total 71680K, used 53901K [0x0000000080000000, 0x0000000100000000)
  region size 1024K, 26 young (26624K), 2 survivors (2048K)
 Metaspace       used 46069K, committed 46528K, reserved 1089536K
  class space    used 6049K, committed 6272K, reserved 1048576K
}
Event: 4.845 GC heap after
{Heap after GC invocations=11 (full 0):
 garbage-first heap   total 71680K, used 31157K [0x0000000080000000, 0x0000000100000000)
  region size 1024K, 4 young (4096K), 4 survivors (4096K)
 Metaspace       used 46069K, committed 46528K, reserved 1089536K
  class space    used 6049K, committed 6272K, reserved 1048576K
}
Event: 5.194 GC heap before
{Heap before GC invocations=11 (full 0):
 garbage-first heap   total 71680K, used 54709K [0x0000000080000000, 0x0000000100000000)
  region size 1024K, 27 young (27648K), 4 survivors (4096K)
 Metaspace       used 49377K, committed 49856K, reserved 1097728K
  class space    used 6587K, committed 6784K, reserved 1048576K
}
Event: 5.196 GC heap after
{Heap after GC invocations=12 (full 0):
 garbage-first heap   total 71680K, used 32191K [0x0000000080000000, 0x0000000100000000)
  region size 1024K, 3 young (3072K), 3 survivors (3072K)
 Metaspace       used 49377K, committed 49856K, reserved 1097728K
  class space    used 6587K, committed 6784K, reserved 1048576K
}
Event: 5.578 GC heap before
{Heap before GC invocations=12 (full 0):
 garbage-first heap   total 71680K, used 54719K [0x0000000080000000, 0x0000000100000000)
  region size 1024K, 26 young (26624K), 3 survivors (3072K)
 Metaspace       used 52320K, committed 52800K, reserved 1097728K
  class space    used 7023K, committed 7232K, reserved 1048576K
}
Event: 5.581 GC heap after
{Heap after GC invocations=13 (full 0):
 garbage-first heap   total 71680K, used 33654K [0x0000000080000000, 0x0000000100000000)
  region size 1024K, 3 young (3072K), 3 survivors (3072K)
 Metaspace       used 52320K, committed 52800K, reserved 1097728K
  class space    used 7023K, committed 7232K, reserved 1048576K
}
Event: 5.888 GC heap before
{Heap before GC invocations=13 (full 0):
 garbage-first heap   total 71680K, used 55158K [0x0000000080000000, 0x0000000100000000)
  region size 1024K, 25 young (25600K), 3 survivors (3072K)
 Metaspace       used 53164K, committed 53568K, reserved 1097728K
  class space    used 7109K, committed 7296K, reserved 1048576K
}
Event: 5.892 GC heap after
{Heap after GC invocations=14 (full 0):
 garbage-first heap   total 71680K, used 36031K [0x0000000080000000, 0x0000000100000000)
  region size 1024K, 4 young (4096K), 4 survivors (4096K)
 Metaspace       used 53164K, committed 53568K, reserved 1097728K
  class space    used 7109K, committed 7296K, reserved 1048576K
}
Event: 5.938 GC heap before
{Heap before GC invocations=15 (full 0):
 garbage-first heap   total 71680K, used 40127K [0x0000000080000000, 0x0000000100000000)
  region size 1024K, 9 young (9216K), 4 survivors (4096K)
 Metaspace       used 53238K, committed 53696K, reserved 1097728K
  class space    used 7116K, committed 7296K, reserved 1048576K
}
Event: 5.941 GC heap after
{Heap after GC invocations=16 (full 0):
 garbage-first heap   total 71680K, used 36726K [0x0000000080000000, 0x0000000100000000)
  region size 1024K, 1 young (1024K), 1 survivors (1024K)
 Metaspace       used 53238K, committed 53696K, reserved 1097728K
  class space    used 7116K, committed 7296K, reserved 1048576K
}
Event: 6.012 GC heap before
{Heap before GC invocations=17 (full 0):
 garbage-first heap   total 71680K, used 40822K [0x0000000080000000, 0x0000000100000000)
  region size 1024K, 4 young (4096K), 1 survivors (1024K)
 Metaspace       used 53312K, committed 53824K, reserved 1097728K
  class space    used 7125K, committed 7360K, reserved 1048576K
}
Event: 6.014 GC heap after
{Heap after GC invocations=18 (full 0):
 garbage-first heap   total 86016K, used 39646K [0x0000000080000000, 0x0000000100000000)
  region size 1024K, 2 young (2048K), 2 survivors (2048K)
 Metaspace       used 53312K, committed 53824K, reserved 1097728K
  class space    used 7125K, committed 7360K, reserved 1048576K
}
Event: 6.120 GC heap before
{Heap before GC invocations=19 (full 0):
 garbage-first heap   total 86016K, used 42718K [0x0000000080000000, 0x0000000100000000)
  region size 1024K, 6 young (6144K), 2 survivors (2048K)
 Metaspace       used 53313K, committed 53824K, reserved 1097728K
  class space    used 7125K, committed 7360K, reserved 1048576K
}
Event: 6.122 GC heap after
{Heap after GC invocations=20 (full 0):
 garbage-first heap   total 86016K, used 43421K [0x0000000080000000, 0x0000000100000000)
  region size 1024K, 3 young (3072K), 3 survivors (3072K)
 Metaspace       used 53313K, committed 53824K, reserved 1097728K
  class space    used 7125K, committed 7360K, reserved 1048576K
}

